<?xml version="1.0" encoding="UTF-8"?>
<coverage generated="1577705393775" clover="3.2.0">
  <project timestamp="1577705393775" name="All files">
    <metrics statements="172" coveredstatements="172" conditionals="42" coveredconditionals="42" methods="44" coveredmethods="43" elements="258" coveredelements="257" complexity="0" loc="172" ncloc="172" packages="25" files="36" classes="36"/>
    <package name="src">
      <metrics statements="0" coveredstatements="0" conditionals="0" coveredconditionals="0" methods="1" coveredmethods="0"/>
      <file name="index.ts" path="D:\projects\pp-selector\src\index.ts">
        <metrics statements="0" coveredstatements="0" conditionals="0" coveredconditionals="0" methods="1" coveredmethods="0"/>
      </file>
    </package>
    <package name="src.@types">
      <metrics statements="0" coveredstatements="0" conditionals="0" coveredconditionals="0" methods="0" coveredmethods="0"/>
      <file name="global.d.ts" path="D:\projects\pp-selector\src\@types\global.d.ts">
        <metrics statements="0" coveredstatements="0" conditionals="0" coveredconditionals="0" methods="0" coveredmethods="0"/>
      </file>
    </package>
    <package name="src.helpers">
      <metrics statements="25" coveredstatements="25" conditionals="13" coveredconditionals="13" methods="5" coveredmethods="5"/>
      <file name="create-identifier.ts" path="D:\projects\pp-selector\src\helpers\create-identifier.ts">
        <metrics statements="6" coveredstatements="6" conditionals="4" coveredconditionals="4" methods="1" coveredmethods="1"/>
        <line num="4" count="21" type="stmt"/>
        <line num="10" count="127" type="stmt"/>
        <line num="11" count="127" type="stmt"/>
        <line num="13" count="127" type="cond" truecount="2" falsecount="0"/>
        <line num="14" count="82" type="stmt"/>
        <line num="17" count="45" type="stmt"/>
      </file>
      <file name="create-logic-expression.ts" path="D:\projects\pp-selector\src\helpers\create-logic-expression.ts">
        <metrics statements="4" coveredstatements="4" conditionals="0" coveredconditionals="0" methods="1" coveredmethods="1"/>
        <line num="7" count="161" type="stmt"/>
        <line num="9" count="161" type="stmt"/>
        <line num="10" count="12" type="stmt"/>
        <line num="13" count="161" type="stmt"/>
      </file>
      <file name="replace-varnames.ts" path="D:\projects\pp-selector\src\helpers\replace-varnames.ts">
        <metrics statements="15" coveredstatements="15" conditionals="9" coveredconditionals="9" methods="3" coveredmethods="3"/>
        <line num="6" count="21" type="stmt"/>
        <line num="9" count="91" type="cond" truecount="2" falsecount="0"/>
        <line num="10" count="41" type="stmt"/>
        <line num="12" count="41" type="cond" truecount="2" falsecount="0"/>
        <line num="13" count="20" type="stmt"/>
        <line num="16" count="21" type="stmt"/>
        <line num="18" count="21" type="stmt"/>
        <line num="21" count="50" type="cond" truecount="2" falsecount="0"/>
        <line num="22" count="9" type="stmt"/>
        <line num="23" count="15" type="stmt"/>
        <line num="27" count="50" type="cond" truecount="2" falsecount="0"/>
        <line num="28" count="18" type="stmt"/>
        <line num="31" count="20" type="cond" truecount="1" falsecount="0"/>
        <line num="32" count="20" type="stmt"/>
        <line num="38" count="50" type="stmt"/>
      </file>
    </package>
    <package name="src.integration">
      <metrics statements="40" coveredstatements="40" conditionals="11" coveredconditionals="11" methods="6" coveredmethods="6"/>
      <file name="index.ts" path="D:\projects\pp-selector\src\integration\index.ts">
        <metrics statements="19" coveredstatements="19" conditionals="3" coveredconditionals="3" methods="2" coveredmethods="2"/>
        <line num="11" count="21" type="stmt"/>
        <line num="13" count="21" type="stmt"/>
        <line num="16" count="21" type="stmt"/>
        <line num="20" count="57" type="stmt"/>
        <line num="21" count="57" type="stmt"/>
        <line num="25" count="57" type="stmt"/>
        <line num="26" count="57" type="stmt"/>
        <line num="29" count="57" type="stmt"/>
        <line num="42" count="37" type="stmt"/>
        <line num="46" count="37" type="stmt"/>
        <line num="56" count="37" type="cond" truecount="1" falsecount="0"/>
        <line num="57" count="37" type="stmt"/>
        <line num="60" count="37" type="stmt"/>
        <line num="62" count="37" type="stmt"/>
        <line num="67" count="37" type="stmt"/>
        <line num="69" count="36" type="stmt"/>
        <line num="75" count="33" type="cond" truecount="2" falsecount="0"/>
        <line num="76" count="32" type="stmt"/>
        <line num="78" count="1" type="stmt"/>
      </file>
      <file name="move-json-declaration.ts" path="D:\projects\pp-selector\src\integration\move-json-declaration.ts">
        <metrics statements="7" coveredstatements="7" conditionals="4" coveredconditionals="4" methods="1" coveredmethods="1"/>
        <line num="5" count="37" type="stmt"/>
        <line num="7" count="37" type="cond" truecount="4" falsecount="0"/>
        <line num="9" count="29" type="stmt"/>
        <line num="12" count="7" type="stmt"/>
        <line num="14" count="7" type="stmt"/>
        <line num="16" count="7" type="stmt"/>
        <line num="18" count="1" type="stmt"/>
      </file>
      <file name="resolve-identifier.d.ts" path="D:\projects\pp-selector\src\integration\resolve-identifier.d.ts">
        <metrics statements="0" coveredstatements="0" conditionals="0" coveredconditionals="0" methods="0" coveredmethods="0"/>
      </file>
      <file name="resolve-identifier.ts" path="D:\projects\pp-selector\src\integration\resolve-identifier.ts">
        <metrics statements="14" coveredstatements="14" conditionals="4" coveredconditionals="4" methods="3" coveredmethods="3"/>
        <line num="5" count="21" type="stmt"/>
        <line num="7" count="3" type="stmt"/>
        <line num="10" count="32" type="stmt"/>
        <line num="11" count="32" type="stmt"/>
        <line num="12" count="32" type="stmt"/>
        <line num="13" count="32" type="stmt"/>
        <line num="20" count="32" type="stmt"/>
        <line num="28" count="32" type="cond" truecount="2" falsecount="0"/>
        <line num="29" count="31" type="stmt"/>
        <line num="32" count="32" type="stmt"/>
        <line num="36" count="21" type="stmt"/>
        <line num="37" count="36" type="cond" truecount="2" falsecount="0"/>
        <line num="38" count="35" type="stmt"/>
        <line num="41" count="1" type="stmt"/>
      </file>
    </package>
    <package name="src.selector">
      <metrics statements="29" coveredstatements="29" conditionals="14" coveredconditionals="14" methods="7" coveredmethods="7"/>
      <file name="index.d.ts" path="D:\projects\pp-selector\src\selector\index.d.ts">
        <metrics statements="0" coveredstatements="0" conditionals="0" coveredconditionals="0" methods="0" coveredmethods="0"/>
      </file>
      <file name="index.ts" path="D:\projects\pp-selector\src\selector\index.ts">
        <metrics statements="23" coveredstatements="23" conditionals="12" coveredconditionals="12" methods="3" coveredmethods="3"/>
        <line num="8" count="21" type="stmt"/>
        <line num="10" count="21" type="stmt"/>
        <line num="11" count="84" type="stmt"/>
        <line num="13" count="84" type="stmt"/>
        <line num="14" count="84" type="stmt"/>
        <line num="16" count="84" type="stmt"/>
        <line num="18" count="94" type="stmt"/>
        <line num="20" count="94" type="cond" truecount="2" falsecount="0"/>
        <line num="22" count="94" type="cond" truecount="2" falsecount="0"/>
        <line num="23" count="48" type="stmt"/>
        <line num="25" count="48" type="cond" truecount="2" falsecount="0"/>
        <line num="26" count="7" type="cond" truecount="2" falsecount="0"/>
        <line num="27" count="1" type="stmt"/>
        <line num="30" count="6" type="stmt"/>
        <line num="32" count="7" type="stmt"/>
        <line num="37" count="41" type="cond" truecount="2" falsecount="0"/>
        <line num="38" count="40" type="stmt"/>
        <line num="48" count="1" type="stmt"/>
        <line num="53" count="46" type="stmt"/>
        <line num="55" count="46" type="cond" truecount="2" falsecount="0"/>
        <line num="57" count="30" type="stmt"/>
        <line num="62" count="16" type="stmt"/>
        <line num="76" count="81" type="stmt"/>
      </file>
      <file name="namespace.d.ts" path="D:\projects\pp-selector\src\selector\namespace.d.ts">
        <metrics statements="0" coveredstatements="0" conditionals="0" coveredconditionals="0" methods="0" coveredmethods="0"/>
      </file>
      <file name="namespace.ts" path="D:\projects\pp-selector\src\selector\namespace.ts">
        <metrics statements="6" coveredstatements="6" conditionals="2" coveredconditionals="2" methods="4" coveredmethods="4"/>
        <line num="5" count="110" type="cond" truecount="2" falsecount="0"/>
        <line num="6" count="156" type="stmt"/>
        <line num="11" count="110" type="stmt"/>
        <line num="13" count="110" type="stmt"/>
        <line num="16" count="74" type="stmt"/>
        <line num="19" count="46" type="stmt"/>
      </file>
    </package>
    <package name="src.selector.combinator">
      <metrics statements="13" coveredstatements="13" conditionals="4" coveredconditionals="4" methods="4" coveredmethods="4"/>
      <file name="combinator.d.ts" path="D:\projects\pp-selector\src\selector\combinator\combinator.d.ts">
        <metrics statements="0" coveredstatements="0" conditionals="0" coveredconditionals="0" methods="0" coveredmethods="0"/>
      </file>
      <file name="combinator.ts" path="D:\projects\pp-selector\src\selector\combinator\combinator.ts">
        <metrics statements="13" coveredstatements="13" conditionals="4" coveredconditionals="4" methods="4" coveredmethods="4"/>
        <line num="6" count="21" type="stmt"/>
        <line num="11" count="21" type="stmt"/>
        <line num="12" count="21" type="stmt"/>
        <line num="13" count="21" type="stmt"/>
        <line num="14" count="21" type="stmt"/>
        <line num="21" count="84" type="stmt"/>
        <line num="22" count="168" type="stmt"/>
        <line num="28" count="81" type="stmt"/>
        <line num="29" count="81" type="cond" truecount="2" falsecount="0"/>
        <line num="30" count="81" type="stmt"/>
        <line num="32" count="81" type="cond" truecount="2" falsecount="0"/>
        <line num="33" count="79" type="stmt"/>
        <line num="39" count="81" type="stmt"/>
      </file>
    </package>
    <package name="src.selector.condition">
      <metrics statements="11" coveredstatements="11" conditionals="0" coveredconditionals="0" methods="2" coveredmethods="2"/>
      <file name="array-match.ts" path="D:\projects\pp-selector\src\selector\condition\array-match.ts">
        <metrics statements="5" coveredstatements="5" conditionals="0" coveredconditionals="0" methods="1" coveredmethods="1"/>
        <line num="12" count="21" type="stmt"/>
        <line num="23" count="8" type="stmt"/>
        <line num="25" count="8" type="stmt"/>
        <line num="31" count="8" type="stmt"/>
        <line num="38" count="8" type="stmt"/>
      </file>
      <file name="index.d.ts" path="D:\projects\pp-selector\src\selector\condition\index.d.ts">
        <metrics statements="0" coveredstatements="0" conditionals="0" coveredconditionals="0" methods="0" coveredmethods="0"/>
      </file>
      <file name="index.ts" path="D:\projects\pp-selector\src\selector\condition\index.ts">
        <metrics statements="6" coveredstatements="6" conditionals="0" coveredconditionals="0" methods="1" coveredmethods="1"/>
        <line num="3" count="21" type="stmt"/>
        <line num="5" count="21" type="stmt"/>
        <line num="7" count="21" type="stmt"/>
        <line num="9" count="21" type="stmt"/>
        <line num="10" count="378" type="stmt"/>
        <line num="11" count="378" type="stmt"/>
      </file>
    </package>
    <package name="src.selector.condition.implementations.all">
      <metrics statements="4" coveredstatements="4" conditionals="0" coveredconditionals="0" methods="1" coveredmethods="1"/>
      <file name="index.ts" path="D:\projects\pp-selector\src\selector\condition\implementations\all\index.ts">
        <metrics statements="4" coveredstatements="4" conditionals="0" coveredconditionals="0" methods="1" coveredmethods="1"/>
        <line num="6" count="21" type="stmt"/>
        <line num="11" count="21" type="stmt"/>
        <line num="17" count="3" type="stmt"/>
        <line num="22" count="3" type="stmt"/>
      </file>
    </package>
    <package name="src.selector.condition.implementations.allmatch">
      <metrics statements="2" coveredstatements="2" conditionals="0" coveredconditionals="0" methods="1" coveredmethods="1"/>
      <file name="index.ts" path="D:\projects\pp-selector\src\selector\condition\implementations\allmatch\index.ts">
        <metrics statements="2" coveredstatements="2" conditionals="0" coveredconditionals="0" methods="1" coveredmethods="1"/>
        <line num="6" count="21" type="stmt"/>
        <line num="7" count="3" type="stmt"/>
      </file>
    </package>
    <package name="src.selector.condition.implementations.elemmatch">
      <metrics statements="2" coveredstatements="2" conditionals="0" coveredconditionals="0" methods="1" coveredmethods="1"/>
      <file name="index.ts" path="D:\projects\pp-selector\src\selector\condition\implementations\elemmatch\index.ts">
        <metrics statements="2" coveredstatements="2" conditionals="0" coveredconditionals="0" methods="1" coveredmethods="1"/>
        <line num="6" count="21" type="stmt"/>
        <line num="7" count="5" type="stmt"/>
      </file>
    </package>
    <package name="src.selector.condition.implementations.eq">
      <metrics statements="2" coveredstatements="2" conditionals="0" coveredconditionals="0" methods="1" coveredmethods="1"/>
      <file name="index.ts" path="D:\projects\pp-selector\src\selector\condition\implementations\eq\index.ts">
        <metrics statements="2" coveredstatements="2" conditionals="0" coveredconditionals="0" methods="1" coveredmethods="1"/>
        <line num="6" count="21" type="stmt"/>
        <line num="11" count="16" type="stmt"/>
      </file>
    </package>
    <package name="src.selector.condition.implementations.exists">
      <metrics statements="4" coveredstatements="4" conditionals="0" coveredconditionals="0" methods="1" coveredmethods="1"/>
      <file name="index.ts" path="D:\projects\pp-selector\src\selector\condition\implementations\exists\index.ts">
        <metrics statements="4" coveredstatements="4" conditionals="0" coveredconditionals="0" methods="1" coveredmethods="1"/>
        <line num="6" count="21" type="stmt"/>
        <line num="10" count="21" type="stmt"/>
        <line num="22" count="1" type="stmt"/>
        <line num="24" count="1" type="stmt"/>
      </file>
    </package>
    <package name="src.selector.condition.implementations.gt">
      <metrics statements="2" coveredstatements="2" conditionals="0" coveredconditionals="0" methods="1" coveredmethods="1"/>
      <file name="index.ts" path="D:\projects\pp-selector\src\selector\condition\implementations\gt\index.ts">
        <metrics statements="2" coveredstatements="2" conditionals="0" coveredconditionals="0" methods="1" coveredmethods="1"/>
        <line num="5" count="21" type="stmt"/>
        <line num="10" count="1" type="stmt"/>
      </file>
    </package>
    <package name="src.selector.condition.implementations.gte">
      <metrics statements="2" coveredstatements="2" conditionals="0" coveredconditionals="0" methods="1" coveredmethods="1"/>
      <file name="index.ts" path="D:\projects\pp-selector\src\selector\condition\implementations\gte\index.ts">
        <metrics statements="2" coveredstatements="2" conditionals="0" coveredconditionals="0" methods="1" coveredmethods="1"/>
        <line num="5" count="21" type="stmt"/>
        <line num="10" count="4" type="stmt"/>
      </file>
    </package>
    <package name="src.selector.condition.implementations.in">
      <metrics statements="4" coveredstatements="4" conditionals="0" coveredconditionals="0" methods="1" coveredmethods="1"/>
      <file name="index.ts" path="D:\projects\pp-selector\src\selector\condition\implementations\in\index.ts">
        <metrics statements="4" coveredstatements="4" conditionals="0" coveredconditionals="0" methods="1" coveredmethods="1"/>
        <line num="6" count="21" type="stmt"/>
        <line num="14" count="21" type="stmt"/>
        <line num="20" count="3" type="stmt"/>
        <line num="25" count="3" type="stmt"/>
      </file>
    </package>
    <package name="src.selector.condition.implementations.lt">
      <metrics statements="2" coveredstatements="2" conditionals="0" coveredconditionals="0" methods="1" coveredmethods="1"/>
      <file name="index.ts" path="D:\projects\pp-selector\src\selector\condition\implementations\lt\index.ts">
        <metrics statements="2" coveredstatements="2" conditionals="0" coveredconditionals="0" methods="1" coveredmethods="1"/>
        <line num="5" count="21" type="stmt"/>
        <line num="10" count="3" type="stmt"/>
      </file>
    </package>
    <package name="src.selector.condition.implementations.lte">
      <metrics statements="2" coveredstatements="2" conditionals="0" coveredconditionals="0" methods="1" coveredmethods="1"/>
      <file name="index.ts" path="D:\projects\pp-selector\src\selector\condition\implementations\lte\index.ts">
        <metrics statements="2" coveredstatements="2" conditionals="0" coveredconditionals="0" methods="1" coveredmethods="1"/>
        <line num="5" count="21" type="stmt"/>
        <line num="9" count="8" type="stmt"/>
      </file>
    </package>
    <package name="src.selector.condition.implementations.mod">
      <metrics statements="5" coveredstatements="5" conditionals="0" coveredconditionals="0" methods="1" coveredmethods="1"/>
      <file name="index.ts" path="D:\projects\pp-selector\src\selector\condition\implementations\mod\index.ts">
        <metrics statements="5" coveredstatements="5" conditionals="0" coveredconditionals="0" methods="1" coveredmethods="1"/>
        <line num="7" count="21" type="stmt"/>
        <line num="11" count="21" type="stmt"/>
        <line num="17" count="2" type="stmt"/>
        <line num="19" count="2" type="stmt"/>
        <line num="25" count="2" type="stmt"/>
      </file>
    </package>
    <package name="src.selector.condition.implementations.ne">
      <metrics statements="2" coveredstatements="2" conditionals="0" coveredconditionals="0" methods="1" coveredmethods="1"/>
      <file name="index.ts" path="D:\projects\pp-selector\src\selector\condition\implementations\ne\index.ts">
        <metrics statements="2" coveredstatements="2" conditionals="0" coveredconditionals="0" methods="1" coveredmethods="1"/>
        <line num="5" count="21" type="stmt"/>
        <line num="10" count="1" type="stmt"/>
      </file>
    </package>
    <package name="src.selector.condition.implementations.nin">
      <metrics statements="2" coveredstatements="2" conditionals="0" coveredconditionals="0" methods="1" coveredmethods="1"/>
      <file name="index.ts" path="D:\projects\pp-selector\src\selector\condition\implementations\nin\index.ts">
        <metrics statements="2" coveredstatements="2" conditionals="0" coveredconditionals="0" methods="1" coveredmethods="1"/>
        <line num="5" count="21" type="stmt"/>
        <line num="10" count="1" type="stmt"/>
      </file>
    </package>
    <package name="src.selector.condition.implementations.nor">
      <metrics statements="5" coveredstatements="5" conditionals="0" coveredconditionals="0" methods="2" coveredmethods="2"/>
      <file name="index.ts" path="D:\projects\pp-selector\src\selector\condition\implementations\nor\index.ts">
        <metrics statements="5" coveredstatements="5" conditionals="0" coveredconditionals="0" methods="2" coveredmethods="2"/>
        <line num="6" count="21" type="stmt"/>
        <line num="12" count="1" type="stmt"/>
        <line num="16" count="2" type="stmt"/>
        <line num="22" count="2" type="stmt"/>
        <line num="28" count="1" type="stmt"/>
      </file>
    </package>
    <package name="src.selector.condition.implementations.not">
      <metrics statements="2" coveredstatements="2" conditionals="0" coveredconditionals="0" methods="1" coveredmethods="1"/>
      <file name="index.ts" path="D:\projects\pp-selector\src\selector\condition\implementations\not\index.ts">
        <metrics statements="2" coveredstatements="2" conditionals="0" coveredconditionals="0" methods="1" coveredmethods="1"/>
        <line num="5" count="21" type="stmt"/>
        <line num="10" count="2" type="stmt"/>
      </file>
    </package>
    <package name="src.selector.condition.implementations.regex">
      <metrics statements="6" coveredstatements="6" conditionals="0" coveredconditionals="0" methods="1" coveredmethods="1"/>
      <file name="index.ts" path="D:\projects\pp-selector\src\selector\condition\implementations\regex\index.ts">
        <metrics statements="6" coveredstatements="6" conditionals="0" coveredconditionals="0" methods="1" coveredmethods="1"/>
        <line num="7" count="21" type="stmt"/>
        <line num="11" count="21" type="stmt"/>
        <line num="13" count="21" type="stmt"/>
        <line num="19" count="1" type="stmt"/>
        <line num="21" count="1" type="stmt"/>
        <line num="23" count="1" type="stmt"/>
      </file>
    </package>
    <package name="src.selector.condition.implementations.size">
      <metrics statements="3" coveredstatements="3" conditionals="0" coveredconditionals="0" methods="1" coveredmethods="1"/>
      <file name="index.ts" path="D:\projects\pp-selector\src\selector\condition\implementations\size\index.ts">
        <metrics statements="3" coveredstatements="3" conditionals="0" coveredconditionals="0" methods="1" coveredmethods="1"/>
        <line num="7" count="21" type="stmt"/>
        <line num="11" count="21" type="stmt"/>
        <line num="16" count="1" type="stmt"/>
      </file>
    </package>
    <package name="src.selector.condition.implementations.type">
      <metrics statements="3" coveredstatements="3" conditionals="0" coveredconditionals="0" methods="1" coveredmethods="1"/>
      <file name="index.ts" path="D:\projects\pp-selector\src\selector\condition\implementations\type\index.ts">
        <metrics statements="3" coveredstatements="3" conditionals="0" coveredconditionals="0" methods="1" coveredmethods="1"/>
        <line num="7" count="21" type="stmt"/>
        <line num="13" count="21" type="stmt"/>
        <line num="18" count="1" type="stmt"/>
      </file>
    </package>
  </project>
</coverage>
