{"D:\\projects\\pp-selector\\src\\index.ts": {"path":"D:\\projects\\pp-selector\\src\\index.ts","statementMap":{},"fnMap":{"0":{"name":"(anonymous_0)","decl":{"start":{"line":3,"column":15},"end":{"line":3,"column":16}},"loc":{"start":{"line":3,"column":60},"end":{"line":6,"column":1}},"line":3}},"branchMap":{},"s":{},"f":{"0":0},"b":{},"hash":"7d6e673ca02166b92e52f6c0920109a46dfbbb2a"}
,"D:\\projects\\pp-selector\\src\\@types\\global.d.ts": {"path":"D:\\projects\\pp-selector\\src\\@types\\global.d.ts","statementMap":{},"fnMap":{},"branchMap":{},"s":{},"f":{},"b":{},"hash":"a05ee74cc6e9f5727e7b597a72b75c2517c7aae6"}
,"D:\\projects\\pp-selector\\src\\helpers\\create-identifier.ts": {"path":"D:\\projects\\pp-selector\\src\\helpers\\create-identifier.ts","statementMap":{"0":{"start":{"line":4,"column":25},"end":{"line":23,"column":1}},"1":{"start":{"line":10,"column":13},"end":{"line":10,"column":30}},"2":{"start":{"line":11,"column":19},"end":{"line":11,"column":27}},"3":{"start":{"line":13,"column":2},"end":{"line":15,"column":3}},"4":{"start":{"line":14,"column":4},"end":{"line":14,"column":38}},"5":{"start":{"line":17,"column":2},"end":{"line":22,"column":4}}},"fnMap":{"0":{"name":"(anonymous_0)","decl":{"start":{"line":4,"column":25},"end":{"line":4,"column":26}},"loc":{"start":{"line":9,"column":36},"end":{"line":23,"column":1}},"line":9}},"branchMap":{"0":{"loc":{"start":{"line":7,"column":2},"end":{"line":7,"column":27}},"type":"default-arg","locations":[{"start":{"line":7,"column":22},"end":{"line":7,"column":27}}],"line":7},"1":{"loc":{"start":{"line":8,"column":2},"end":{"line":8,"column":26}},"type":"default-arg","locations":[{"start":{"line":8,"column":22},"end":{"line":8,"column":26}}],"line":8},"2":{"loc":{"start":{"line":13,"column":2},"end":{"line":15,"column":3}},"type":"if","locations":[{"start":{"line":13,"column":2},"end":{"line":15,"column":3}},{"start":{"line":13,"column":2},"end":{"line":15,"column":3}}],"line":13}},"s":{"0":21,"1":127,"2":127,"3":127,"4":82,"5":45},"f":{"0":127},"b":{"0":[82],"1":[82],"2":[82,45]},"_coverageSchema":"43e27e138ebf9cfc5966b082cf9a028302ed4184","hash":"3f2840c047ca4acd710ef8dc80e01c22065f4dbb"}
,"D:\\projects\\pp-selector\\src\\helpers\\create-logic-expression.ts": {"path":"D:\\projects\\pp-selector\\src\\helpers\\create-logic-expression.ts","statementMap":{"0":{"start":{"line":7,"column":13},"end":{"line":7,"column":27}},"1":{"start":{"line":9,"column":2},"end":{"line":11,"column":3}},"2":{"start":{"line":9,"column":14},"end":{"line":9,"column":15}},"3":{"start":{"line":10,"column":4},"end":{"line":10,"column":67}},"4":{"start":{"line":13,"column":2},"end":{"line":13,"column":14}}},"fnMap":{"0":{"name":"(anonymous_0)","decl":{"start":{"line":6,"column":15},"end":{"line":6,"column":16}},"loc":{"start":{"line":6,"column":120},"end":{"line":14,"column":1}},"line":6}},"branchMap":{},"s":{"0":161,"1":161,"2":161,"3":12,"4":161},"f":{"0":161},"b":{},"_coverageSchema":"43e27e138ebf9cfc5966b082cf9a028302ed4184","hash":"c1135abb5044e160c72f09cdf83b12202c7176f2"}
,"D:\\projects\\pp-selector\\src\\helpers\\replace-varnames.ts": {"path":"D:\\projects\\pp-selector\\src\\helpers\\replace-varnames.ts","statementMap":{"0":{"start":{"line":6,"column":19},"end":{"line":6,"column":42}},"1":{"start":{"line":9,"column":2},"end":{"line":19,"column":3}},"2":{"start":{"line":10,"column":18},"end":{"line":10,"column":52}},"3":{"start":{"line":12,"column":4},"end":{"line":14,"column":5}},"4":{"start":{"line":13,"column":6},"end":{"line":13,"column":25}},"5":{"start":{"line":16,"column":38},"end":{"line":16,"column":43}},"6":{"start":{"line":18,"column":4},"end":{"line":18,"column":60}},"7":{"start":{"line":21,"column":2},"end":{"line":25,"column":3}},"8":{"start":{"line":22,"column":4},"end":{"line":24,"column":7}},"9":{"start":{"line":23,"column":6},"end":{"line":23,"column":41}},"10":{"start":{"line":27,"column":2},"end":{"line":36,"column":3}},"11":{"start":{"line":28,"column":4},"end":{"line":35,"column":7}},"12":{"start":{"line":31,"column":6},"end":{"line":33,"column":7}},"13":{"start":{"line":32,"column":8},"end":{"line":32,"column":60}},"14":{"start":{"line":38,"column":2},"end":{"line":38,"column":35}}},"fnMap":{"0":{"name":"replaceVarnames","decl":{"start":{"line":8,"column":24},"end":{"line":8,"column":39}},"loc":{"start":{"line":8,"column":88},"end":{"line":39,"column":1}},"line":8},"1":{"name":"(anonymous_1)","decl":{"start":{"line":22,"column":52},"end":{"line":22,"column":53}},"loc":{"start":{"line":22,"column":65},"end":{"line":24,"column":5}},"line":22},"2":{"name":"(anonymous_2)","decl":{"start":{"line":28,"column":35},"end":{"line":28,"column":36}},"loc":{"start":{"line":28,"column":49},"end":{"line":35,"column":5}},"line":28}},"branchMap":{"0":{"loc":{"start":{"line":9,"column":2},"end":{"line":19,"column":3}},"type":"if","locations":[{"start":{"line":9,"column":2},"end":{"line":19,"column":3}},{"start":{"line":9,"column":2},"end":{"line":19,"column":3}}],"line":9},"1":{"loc":{"start":{"line":12,"column":4},"end":{"line":14,"column":5}},"type":"if","locations":[{"start":{"line":12,"column":4},"end":{"line":14,"column":5}},{"start":{"line":12,"column":4},"end":{"line":14,"column":5}}],"line":12},"2":{"loc":{"start":{"line":21,"column":2},"end":{"line":25,"column":3}},"type":"if","locations":[{"start":{"line":21,"column":2},"end":{"line":25,"column":3}},{"start":{"line":21,"column":2},"end":{"line":25,"column":3}}],"line":21},"3":{"loc":{"start":{"line":27,"column":2},"end":{"line":36,"column":3}},"type":"if","locations":[{"start":{"line":27,"column":2},"end":{"line":36,"column":3}},{"start":{"line":27,"column":2},"end":{"line":36,"column":3}}],"line":27},"4":{"loc":{"start":{"line":31,"column":6},"end":{"line":33,"column":7}},"type":"if","locations":[{"start":{"line":31,"column":6},"end":{"line":33,"column":7}}],"line":31}},"s":{"0":21,"1":91,"2":41,"3":41,"4":20,"5":21,"6":21,"7":50,"8":9,"9":15,"10":50,"11":18,"12":20,"13":20,"14":50},"f":{"0":91,"1":15,"2":20},"b":{"0":[41,50],"1":[20,21],"2":[9,41],"3":[18,32],"4":[20]},"_coverageSchema":"43e27e138ebf9cfc5966b082cf9a028302ed4184","hash":"e6cac2e23fd55b82df79a2141e2c3e82040c7f88"}
,"D:\\projects\\pp-selector\\src\\integration\\index.ts": {"path":"D:\\projects\\pp-selector\\src\\integration\\index.ts","statementMap":{"0":{"start":{"line":11,"column":19},"end":{"line":11,"column":33}},"1":{"start":{"line":13,"column":27},"end":{"line":13,"column":40}},"2":{"start":{"line":16,"column":2},"end":{"line":82,"column":4}},"3":{"start":{"line":20,"column":44},"end":{"line":20,"column":48}},"4":{"start":{"line":21,"column":29},"end":{"line":21,"column":34}},"5":{"start":{"line":25,"column":27},"end":{"line":25,"column":31}},"6":{"start":{"line":26,"column":38},"end":{"line":26,"column":58}},"7":{"start":{"line":29,"column":24},"end":{"line":29,"column":52}},"8":{"start":{"line":42,"column":23},"end":{"line":42,"column":63}},"9":{"start":{"line":46,"column":12},"end":{"line":46,"column":18}},"10":{"start":{"line":56,"column":8},"end":{"line":58,"column":9}},"11":{"start":{"line":57,"column":10},"end":{"line":57,"column":43}},"12":{"start":{"line":60,"column":38},"end":{"line":60,"column":52}},"13":{"start":{"line":62,"column":42},"end":{"line":65,"column":9}},"14":{"start":{"line":67,"column":32},"end":{"line":67,"column":66}},"15":{"start":{"line":69,"column":27},"end":{"line":73,"column":9}},"16":{"start":{"line":75,"column":8},"end":{"line":79,"column":9}},"17":{"start":{"line":76,"column":10},"end":{"line":76,"column":39}},"18":{"start":{"line":78,"column":10},"end":{"line":78,"column":24}}},"fnMap":{"0":{"name":"(anonymous_0)","decl":{"start":{"line":15,"column":15},"end":{"line":15,"column":16}},"loc":{"start":{"line":15,"column":32},"end":{"line":83,"column":1}},"line":15},"1":{"name":"(anonymous_1)","decl":{"start":{"line":19,"column":6},"end":{"line":19,"column":7}},"loc":{"start":{"line":19,"column":27},"end":{"line":80,"column":7}},"line":19}},"branchMap":{"0":{"loc":{"start":{"line":56,"column":8},"end":{"line":58,"column":9}},"type":"if","locations":[{"start":{"line":56,"column":8},"end":{"line":58,"column":9}}],"line":56},"1":{"loc":{"start":{"line":75,"column":8},"end":{"line":79,"column":9}},"type":"if","locations":[{"start":{"line":75,"column":8},"end":{"line":79,"column":9}},{"start":{"line":75,"column":8},"end":{"line":79,"column":9}}],"line":75}},"s":{"0":21,"1":21,"2":21,"3":57,"4":57,"5":57,"6":57,"7":57,"8":37,"9":37,"10":37,"11":37,"12":37,"13":37,"14":37,"15":36,"16":33,"17":32,"18":1},"f":{"0":21,"1":57},"b":{"0":[37],"1":[32,1]},"_coverageSchema":"43e27e138ebf9cfc5966b082cf9a028302ed4184","hash":"607e90eaf7a26dd90d6de897cdd483ae907dfcc5"}
,"D:\\projects\\pp-selector\\src\\integration\\move-json-declaration.ts": {"path":"D:\\projects\\pp-selector\\src\\integration\\move-json-declaration.ts","statementMap":{"0":{"start":{"line":5,"column":24},"end":{"line":5,"column":31}},"1":{"start":{"line":7,"column":2},"end":{"line":19,"column":3}},"2":{"start":{"line":9,"column":6},"end":{"line":9,"column":23}},"3":{"start":{"line":12,"column":23},"end":{"line":12,"column":50}},"4":{"start":{"line":14,"column":6},"end":{"line":14,"column":86}},"5":{"start":{"line":16,"column":6},"end":{"line":16,"column":22}},"6":{"start":{"line":18,"column":6},"end":{"line":18,"column":65}}},"fnMap":{"0":{"name":"(anonymous_0)","decl":{"start":{"line":4,"column":15},"end":{"line":4,"column":16}},"loc":{"start":{"line":4,"column":66},"end":{"line":20,"column":1}},"line":4}},"branchMap":{"0":{"loc":{"start":{"line":7,"column":2},"end":{"line":19,"column":3}},"type":"switch","locations":[{"start":{"line":8,"column":4},"end":{"line":9,"column":23}},{"start":{"line":10,"column":4},"end":{"line":10,"column":28}},{"start":{"line":11,"column":4},"end":{"line":16,"column":22}},{"start":{"line":17,"column":4},"end":{"line":18,"column":65}}],"line":7}},"s":{"0":37,"1":37,"2":29,"3":7,"4":7,"5":7,"6":1},"f":{"0":37},"b":{"0":[29,6,7,1]},"_coverageSchema":"43e27e138ebf9cfc5966b082cf9a028302ed4184","hash":"cdebed24d786f7229e666edfe076e140711d15a9"}
,"D:\\projects\\pp-selector\\src\\integration\\resolve-identifier.d.ts": {"path":"D:\\projects\\pp-selector\\src\\integration\\resolve-identifier.d.ts","statementMap":{},"fnMap":{},"branchMap":{},"s":{},"f":{},"b":{},"_coverageSchema":"43e27e138ebf9cfc5966b082cf9a028302ed4184","hash":"3826037c06f277319cb34f8d2b36cca292d30454"}
,"D:\\projects\\pp-selector\\src\\integration\\resolve-identifier.ts": {"path":"D:\\projects\\pp-selector\\src\\integration\\resolve-identifier.ts","statementMap":{"0":{"start":{"line":5,"column":36},"end":{"line":34,"column":1}},"1":{"start":{"line":7,"column":4},"end":{"line":7,"column":28}},"2":{"start":{"line":10,"column":22},"end":{"line":10,"column":29}},"3":{"start":{"line":11,"column":21},"end":{"line":11,"column":31}},"4":{"start":{"line":12,"column":20},"end":{"line":12,"column":42}},"5":{"start":{"line":13,"column":17},"end":{"line":13,"column":34}},"6":{"start":{"line":20,"column":17},"end":{"line":20,"column":26}},"7":{"start":{"line":28,"column":4},"end":{"line":30,"column":5}},"8":{"start":{"line":29,"column":6},"end":{"line":29,"column":28}},"9":{"start":{"line":32,"column":4},"end":{"line":32,"column":16}},"10":{"start":{"line":36,"column":46},"end":{"line":42,"column":1}},"11":{"start":{"line":37,"column":2},"end":{"line":39,"column":3}},"12":{"start":{"line":38,"column":4},"end":{"line":38,"column":75}},"13":{"start":{"line":41,"column":2},"end":{"line":41,"column":58}}},"fnMap":{"0":{"name":"(anonymous_0)","decl":{"start":{"line":6,"column":2},"end":{"line":6,"column":3}},"loc":{"start":{"line":6,"column":55},"end":{"line":8,"column":3}},"line":6},"1":{"name":"(anonymous_1)","decl":{"start":{"line":9,"column":2},"end":{"line":9,"column":3}},"loc":{"start":{"line":9,"column":46},"end":{"line":33,"column":3}},"line":9},"2":{"name":"(anonymous_2)","decl":{"start":{"line":36,"column":46},"end":{"line":36,"column":47}},"loc":{"start":{"line":36,"column":71},"end":{"line":42,"column":1}},"line":36}},"branchMap":{"0":{"loc":{"start":{"line":28,"column":4},"end":{"line":30,"column":5}},"type":"if","locations":[{"start":{"line":28,"column":4},"end":{"line":30,"column":5}},{"start":{"line":28,"column":4},"end":{"line":30,"column":5}}],"line":28},"1":{"loc":{"start":{"line":37,"column":2},"end":{"line":39,"column":3}},"type":"if","locations":[{"start":{"line":37,"column":2},"end":{"line":39,"column":3}},{"start":{"line":37,"column":2},"end":{"line":39,"column":3}}],"line":37}},"s":{"0":21,"1":3,"2":32,"3":32,"4":32,"5":32,"6":32,"7":32,"8":31,"9":32,"10":21,"11":36,"12":35,"13":1},"f":{"0":3,"1":32,"2":36},"b":{"0":[31,1],"1":[35,1]},"_coverageSchema":"43e27e138ebf9cfc5966b082cf9a028302ed4184","hash":"26039f233eba1ae3997fed4d1459ef02aca73eb1"}
,"D:\\projects\\pp-selector\\src\\selector\\index.d.ts": {"path":"D:\\projects\\pp-selector\\src\\selector\\index.d.ts","statementMap":{},"fnMap":{},"branchMap":{},"s":{},"f":{},"b":{},"hash":"b65c740bbcb533cabc9677856d06ff3a3caa8727"}
,"D:\\projects\\pp-selector\\src\\selector\\index.ts": {"path":"D:\\projects\\pp-selector\\src\\selector\\index.ts","statementMap":{"0":{"start":{"line":8,"column":18},"end":{"line":8,"column":23}},"1":{"start":{"line":10,"column":34},"end":{"line":77,"column":1}},"2":{"start":{"line":11,"column":20},"end":{"line":11,"column":27}},"3":{"start":{"line":13,"column":21},"end":{"line":13,"column":37}},"4":{"start":{"line":14,"column":14},"end":{"line":14,"column":28}},"5":{"start":{"line":16,"column":2},"end":{"line":74,"column":5}},"6":{"start":{"line":18,"column":41},"end":{"line":18,"column":67}},"7":{"start":{"line":20,"column":25},"end":{"line":20,"column":46}},"8":{"start":{"line":22,"column":4},"end":{"line":72,"column":5}},"9":{"start":{"line":23,"column":23},"end":{"line":23,"column":58}},"10":{"start":{"line":25,"column":6},"end":{"line":49,"column":7}},"11":{"start":{"line":26,"column":8},"end":{"line":28,"column":9}},"12":{"start":{"line":27,"column":10},"end":{"line":27,"column":76}},"13":{"start":{"line":30,"column":8},"end":{"line":34,"column":10}},"14":{"start":{"line":32,"column":25},"end":{"line":32,"column":90}},"15":{"start":{"line":37,"column":11},"end":{"line":49,"column":7}},"16":{"start":{"line":38,"column":8},"end":{"line":45,"column":9}},"17":{"start":{"line":48,"column":8},"end":{"line":48,"column":66}},"18":{"start":{"line":53,"column":24},"end":{"line":53,"column":63}},"19":{"start":{"line":55,"column":6},"end":{"line":71,"column":7}},"20":{"start":{"line":57,"column":8},"end":{"line":59,"column":9}},"21":{"start":{"line":62,"column":8},"end":{"line":70,"column":10}},"22":{"start":{"line":76,"column":2},"end":{"line":76,"column":34}}},"fnMap":{"0":{"name":"(anonymous_0)","decl":{"start":{"line":10,"column":34},"end":{"line":10,"column":35}},"loc":{"start":{"line":10,"column":77},"end":{"line":77,"column":1}},"line":10},"1":{"name":"(anonymous_1)","decl":{"start":{"line":16,"column":31},"end":{"line":16,"column":32}},"loc":{"start":{"line":16,"column":45},"end":{"line":74,"column":3}},"line":16},"2":{"name":"(anonymous_2)","decl":{"start":{"line":32,"column":12},"end":{"line":32,"column":13}},"loc":{"start":{"line":32,"column":25},"end":{"line":32,"column":90}},"line":32}},"branchMap":{"0":{"loc":{"start":{"line":20,"column":25},"end":{"line":20,"column":46}},"type":"binary-expr","locations":[{"start":{"line":20,"column":25},"end":{"line":20,"column":33}},{"start":{"line":20,"column":37},"end":{"line":20,"column":46}}],"line":20},"1":{"loc":{"start":{"line":22,"column":4},"end":{"line":72,"column":5}},"type":"if","locations":[{"start":{"line":22,"column":4},"end":{"line":72,"column":5}},{"start":{"line":22,"column":4},"end":{"line":72,"column":5}}],"line":22},"2":{"loc":{"start":{"line":25,"column":6},"end":{"line":49,"column":7}},"type":"if","locations":[{"start":{"line":25,"column":6},"end":{"line":49,"column":7}},{"start":{"line":25,"column":6},"end":{"line":49,"column":7}}],"line":25},"3":{"loc":{"start":{"line":26,"column":8},"end":{"line":28,"column":9}},"type":"if","locations":[{"start":{"line":26,"column":8},"end":{"line":28,"column":9}},{"start":{"line":26,"column":8},"end":{"line":28,"column":9}}],"line":26},"4":{"loc":{"start":{"line":37,"column":11},"end":{"line":49,"column":7}},"type":"if","locations":[{"start":{"line":37,"column":11},"end":{"line":49,"column":7}},{"start":{"line":37,"column":11},"end":{"line":49,"column":7}}],"line":37},"5":{"loc":{"start":{"line":55,"column":6},"end":{"line":71,"column":7}},"type":"if","locations":[{"start":{"line":55,"column":6},"end":{"line":71,"column":7}},{"start":{"line":55,"column":6},"end":{"line":71,"column":7}}],"line":55}},"s":{"0":21,"1":21,"2":84,"3":84,"4":84,"5":84,"6":94,"7":94,"8":94,"9":48,"10":48,"11":7,"12":1,"13":6,"14":7,"15":41,"16":40,"17":1,"18":46,"19":46,"20":30,"21":16,"22":81},"f":{"0":84,"1":94,"2":7},"b":{"0":[94,93],"1":[48,46],"2":[7,41],"3":[1,6],"4":[40,1],"5":[30,16]},"_coverageSchema":"43e27e138ebf9cfc5966b082cf9a028302ed4184","hash":"6543486cbda2511bd5acf08b79bc436083aeaf7b"}
,"D:\\projects\\pp-selector\\src\\selector\\namespace.d.ts": {"path":"D:\\projects\\pp-selector\\src\\selector\\namespace.d.ts","statementMap":{},"fnMap":{},"branchMap":{},"s":{},"f":{},"b":{},"hash":"1c2a0b501b623785ef35181178c874db9bcbdf74"}
,"D:\\projects\\pp-selector\\src\\selector\\namespace.ts": {"path":"D:\\projects\\pp-selector\\src\\selector\\namespace.ts","statementMap":{"0":{"start":{"line":5,"column":26},"end":{"line":7,"column":5}},"1":{"start":{"line":6,"column":21},"end":{"line":6,"column":39}},"2":{"start":{"line":11,"column":21},"end":{"line":11,"column":48}},"3":{"start":{"line":13,"column":4},"end":{"line":13,"column":23}},"4":{"start":{"line":16,"column":34},"end":{"line":16,"column":47}},"5":{"start":{"line":19,"column":4},"end":{"line":21,"column":6}}},"fnMap":{"0":{"name":"(anonymous_0)","decl":{"start":{"line":4,"column":2},"end":{"line":4,"column":3}},"loc":{"start":{"line":4,"column":40},"end":{"line":14,"column":3}},"line":4},"1":{"name":"(anonymous_1)","decl":{"start":{"line":6,"column":8},"end":{"line":6,"column":9}},"loc":{"start":{"line":6,"column":21},"end":{"line":6,"column":39}},"line":6},"2":{"name":"(anonymous_2)","decl":{"start":{"line":16,"column":2},"end":{"line":16,"column":3}},"loc":{"start":{"line":16,"column":32},"end":{"line":16,"column":49}},"line":16},"3":{"name":"(anonymous_3)","decl":{"start":{"line":18,"column":2},"end":{"line":18,"column":3}},"loc":{"start":{"line":18,"column":31},"end":{"line":22,"column":3}},"line":18}},"branchMap":{"0":{"loc":{"start":{"line":5,"column":27},"end":{"line":5,"column":79}},"type":"cond-expr","locations":[{"start":{"line":5,"column":54},"end":{"line":5,"column":65}},{"start":{"line":5,"column":66},"end":{"line":5,"column":79}}],"line":5}},"s":{"0":110,"1":156,"2":110,"3":110,"4":74,"5":46},"f":{"0":110,"1":156,"2":74,"3":46},"b":{"0":[46,64]},"_coverageSchema":"43e27e138ebf9cfc5966b082cf9a028302ed4184","hash":"55a62ac41e4b04bde50729469c835b724a038ef7"}
,"D:\\projects\\pp-selector\\src\\selector\\combinator\\combinator.d.ts": {"path":"D:\\projects\\pp-selector\\src\\selector\\combinator\\combinator.d.ts","statementMap":{},"fnMap":{},"branchMap":{},"s":{},"f":{},"b":{},"_coverageSchema":"43e27e138ebf9cfc5966b082cf9a028302ed4184","hash":"1f1a4c44e6b7163d701705c95868540061748295"}
,"D:\\projects\\pp-selector\\src\\selector\\combinator\\combinator.ts": {"path":"D:\\projects\\pp-selector\\src\\selector\\combinator\\combinator.ts","statementMap":{"0":{"start":{"line":6,"column":36},"end":{"line":9,"column":2}},"1":{"start":{"line":11,"column":13},"end":{"line":11,"column":60}},"2":{"start":{"line":12,"column":14},"end":{"line":12,"column":87}},"3":{"start":{"line":13,"column":13},"end":{"line":13,"column":24}},"4":{"start":{"line":14,"column":31},"end":{"line":14,"column":35}},"5":{"start":{"line":21,"column":4},"end":{"line":23,"column":7}},"6":{"start":{"line":22,"column":6},"end":{"line":22,"column":21}},"7":{"start":{"line":28,"column":4},"end":{"line":37,"column":7}},"8":{"start":{"line":29,"column":20},"end":{"line":29,"column":40}},"9":{"start":{"line":30,"column":26},"end":{"line":30,"column":30}},"10":{"start":{"line":32,"column":6},"end":{"line":36,"column":7}},"11":{"start":{"line":33,"column":8},"end":{"line":35,"column":10}},"12":{"start":{"line":39,"column":4},"end":{"line":39,"column":64}}},"fnMap":{"0":{"name":"(anonymous_0)","decl":{"start":{"line":20,"column":2},"end":{"line":20,"column":3}},"loc":{"start":{"line":20,"column":16},"end":{"line":24,"column":3}},"line":20},"1":{"name":"(anonymous_1)","decl":{"start":{"line":21,"column":17},"end":{"line":21,"column":18}},"loc":{"start":{"line":21,"column":26},"end":{"line":23,"column":5}},"line":21},"2":{"name":"(anonymous_2)","decl":{"start":{"line":27,"column":2},"end":{"line":27,"column":3}},"loc":{"start":{"line":27,"column":38},"end":{"line":40,"column":3}},"line":27},"3":{"name":"(anonymous_3)","decl":{"start":{"line":28,"column":18},"end":{"line":28,"column":19}},"loc":{"start":{"line":28,"column":46},"end":{"line":37,"column":5}},"line":28}},"branchMap":{"0":{"loc":{"start":{"line":29,"column":20},"end":{"line":29,"column":40}},"type":"binary-expr","locations":[{"start":{"line":29,"column":20},"end":{"line":29,"column":32}},{"start":{"line":29,"column":36},"end":{"line":29,"column":40}}],"line":29},"1":{"loc":{"start":{"line":32,"column":6},"end":{"line":36,"column":7}},"type":"if","locations":[{"start":{"line":32,"column":6},"end":{"line":36,"column":7}},{"start":{"line":32,"column":6},"end":{"line":36,"column":7}}],"line":32}},"s":{"0":21,"1":21,"2":21,"3":21,"4":21,"5":84,"6":168,"7":81,"8":81,"9":81,"10":81,"11":79,"12":81},"f":{"0":84,"1":168,"2":81,"3":81},"b":{"0":[81,81],"1":[79,2]},"_coverageSchema":"43e27e138ebf9cfc5966b082cf9a028302ed4184","hash":"b5fa141019bc282f8def602a8acda410b8add0c6"}
,"D:\\projects\\pp-selector\\src\\selector\\condition\\array-match.ts": {"path":"D:\\projects\\pp-selector\\src\\selector\\condition\\array-match.ts","statementMap":{"0":{"start":{"line":12,"column":22},"end":{"line":14,"column":2}},"1":{"start":{"line":23,"column":13},"end":{"line":23,"column":46}},"2":{"start":{"line":25,"column":19},"end":{"line":29,"column":3}},"3":{"start":{"line":31,"column":14},"end":{"line":36,"column":4}},"4":{"start":{"line":38,"column":2},"end":{"line":38,"column":49}}},"fnMap":{"0":{"name":"(anonymous_0)","decl":{"start":{"line":16,"column":15},"end":{"line":16,"column":16}},"loc":{"start":{"line":22,"column":17},"end":{"line":39,"column":1}},"line":22}},"branchMap":{},"s":{"0":21,"1":8,"2":8,"3":8,"4":8},"f":{"0":8},"b":{},"_coverageSchema":"43e27e138ebf9cfc5966b082cf9a028302ed4184","hash":"c438877ef0d8dfd32f3af0c9089dfde138a375ed"}
,"D:\\projects\\pp-selector\\src\\selector\\condition\\index.d.ts": {"path":"D:\\projects\\pp-selector\\src\\selector\\condition\\index.d.ts","statementMap":{},"fnMap":{},"branchMap":{},"s":{},"f":{},"b":{},"hash":"7859a3159ddd4b42c58f228b2e982660c4189abb"}
,"D:\\projects\\pp-selector\\src\\selector\\condition\\index.ts": {"path":"D:\\projects\\pp-selector\\src\\selector\\condition\\index.ts","statementMap":{"0":{"start":{"line":3,"column":0},"end":{"line":3,"column":56}},"1":{"start":{"line":5,"column":40},"end":{"line":5,"column":42}},"2":{"start":{"line":7,"column":16},"end":{"line":7,"column":91}},"3":{"start":{"line":9,"column":0},"end":{"line":12,"column":3}},"4":{"start":{"line":10,"column":15},"end":{"line":10,"column":60}},"5":{"start":{"line":11,"column":2},"end":{"line":11,"column":42}}},"fnMap":{"0":{"name":"(anonymous_0)","decl":{"start":{"line":9,"column":23},"end":{"line":9,"column":24}},"loc":{"start":{"line":9,"column":32},"end":{"line":12,"column":1}},"line":9}},"branchMap":{},"s":{"0":21,"1":21,"2":21,"3":21,"4":378,"5":378},"f":{"0":378},"b":{},"_coverageSchema":"43e27e138ebf9cfc5966b082cf9a028302ed4184","hash":"986fa33be5df8a995f14e7bf03489acf7ba91236"}
,"D:\\projects\\pp-selector\\src\\selector\\condition\\implementations\\all\\index.ts": {"path":"D:\\projects\\pp-selector\\src\\selector\\condition\\implementations\\all\\index.ts","statementMap":{"0":{"start":{"line":6,"column":20},"end":{"line":8,"column":1}},"1":{"start":{"line":11,"column":41},"end":{"line":23,"column":1}},"2":{"start":{"line":17,"column":14},"end":{"line":20,"column":4}},"3":{"start":{"line":22,"column":2},"end":{"line":22,"column":49}}},"fnMap":{"0":{"name":"(anonymous_0)","decl":{"start":{"line":11,"column":41},"end":{"line":11,"column":42}},"loc":{"start":{"line":16,"column":5},"end":{"line":23,"column":1}},"line":16}},"branchMap":{},"s":{"0":21,"1":21,"2":3,"3":3},"f":{"0":3},"b":{},"_coverageSchema":"43e27e138ebf9cfc5966b082cf9a028302ed4184","hash":"ab8aecc3e11ac796674b3ebf07624a97f5a793c1"}
,"D:\\projects\\pp-selector\\src\\selector\\condition\\implementations\\allmatch\\index.ts": {"path":"D:\\projects\\pp-selector\\src\\selector\\condition\\implementations\\allmatch\\index.ts","statementMap":{"0":{"start":{"line":6,"column":46},"end":{"line":8,"column":1}},"1":{"start":{"line":7,"column":2},"end":{"line":7,"column":77}}},"fnMap":{"0":{"name":"(anonymous_0)","decl":{"start":{"line":6,"column":46},"end":{"line":6,"column":47}},"loc":{"start":{"line":6,"column":116},"end":{"line":8,"column":1}},"line":6}},"branchMap":{},"s":{"0":21,"1":3},"f":{"0":3},"b":{},"_coverageSchema":"43e27e138ebf9cfc5966b082cf9a028302ed4184","hash":"81c36c2e27b2502ac8acd1929cc3e96e6fd781db"}
,"D:\\projects\\pp-selector\\src\\selector\\condition\\implementations\\elemmatch\\index.ts": {"path":"D:\\projects\\pp-selector\\src\\selector\\condition\\implementations\\elemmatch\\index.ts","statementMap":{"0":{"start":{"line":6,"column":47},"end":{"line":8,"column":1}},"1":{"start":{"line":7,"column":2},"end":{"line":7,"column":72}}},"fnMap":{"0":{"name":"(anonymous_0)","decl":{"start":{"line":6,"column":47},"end":{"line":6,"column":48}},"loc":{"start":{"line":6,"column":113},"end":{"line":8,"column":1}},"line":6}},"branchMap":{},"s":{"0":21,"1":5},"f":{"0":5},"b":{},"_coverageSchema":"43e27e138ebf9cfc5966b082cf9a028302ed4184","hash":"249ada0d763667f93202d6cfaabf238103cce7fe"}
,"D:\\projects\\pp-selector\\src\\selector\\condition\\implementations\\eq\\index.ts": {"path":"D:\\projects\\pp-selector\\src\\selector\\condition\\implementations\\eq\\index.ts","statementMap":{"0":{"start":{"line":6,"column":40},"end":{"line":15,"column":1}},"1":{"start":{"line":11,"column":5},"end":{"line":15,"column":1}}},"fnMap":{"0":{"name":"(anonymous_0)","decl":{"start":{"line":6,"column":40},"end":{"line":6,"column":41}},"loc":{"start":{"line":11,"column":5},"end":{"line":15,"column":1}},"line":11}},"branchMap":{},"s":{"0":21,"1":16},"f":{"0":16},"b":{},"_coverageSchema":"43e27e138ebf9cfc5966b082cf9a028302ed4184","hash":"6ee8bfdfbdd4a3a7460480bb6b299ff38185700d"}
,"D:\\projects\\pp-selector\\src\\selector\\condition\\implementations\\exists\\index.ts": {"path":"D:\\projects\\pp-selector\\src\\selector\\condition\\implementations\\exists\\index.ts","statementMap":{"0":{"start":{"line":6,"column":22},"end":{"line":8,"column":2}},"1":{"start":{"line":10,"column":44},"end":{"line":30,"column":1}},"2":{"start":{"line":22,"column":13},"end":{"line":22,"column":38}},"3":{"start":{"line":24,"column":2},"end":{"line":28,"column":4}}},"fnMap":{"0":{"name":"(anonymous_0)","decl":{"start":{"line":10,"column":44},"end":{"line":10,"column":45}},"loc":{"start":{"line":15,"column":5},"end":{"line":30,"column":1}},"line":15}},"branchMap":{},"s":{"0":21,"1":21,"2":1,"3":1},"f":{"0":1},"b":{},"_coverageSchema":"43e27e138ebf9cfc5966b082cf9a028302ed4184","hash":"2c49d4a709222c2e04bf93a78c5be5e6e74eb816"}
,"D:\\projects\\pp-selector\\src\\selector\\condition\\implementations\\gt\\index.ts": {"path":"D:\\projects\\pp-selector\\src\\selector\\condition\\implementations\\gt\\index.ts","statementMap":{"0":{"start":{"line":5,"column":40},"end":{"line":14,"column":1}},"1":{"start":{"line":10,"column":5},"end":{"line":14,"column":1}}},"fnMap":{"0":{"name":"(anonymous_0)","decl":{"start":{"line":5,"column":40},"end":{"line":5,"column":41}},"loc":{"start":{"line":10,"column":5},"end":{"line":14,"column":1}},"line":10}},"branchMap":{},"s":{"0":21,"1":1},"f":{"0":1},"b":{},"_coverageSchema":"43e27e138ebf9cfc5966b082cf9a028302ed4184","hash":"02511e412f179a59c446ece1398424e9778e07b2"}
,"D:\\projects\\pp-selector\\src\\selector\\condition\\implementations\\gte\\index.ts": {"path":"D:\\projects\\pp-selector\\src\\selector\\condition\\implementations\\gte\\index.ts","statementMap":{"0":{"start":{"line":5,"column":41},"end":{"line":14,"column":1}},"1":{"start":{"line":10,"column":5},"end":{"line":14,"column":1}}},"fnMap":{"0":{"name":"(anonymous_0)","decl":{"start":{"line":5,"column":41},"end":{"line":5,"column":42}},"loc":{"start":{"line":10,"column":5},"end":{"line":14,"column":1}},"line":10}},"branchMap":{},"s":{"0":21,"1":4},"f":{"0":4},"b":{},"_coverageSchema":"43e27e138ebf9cfc5966b082cf9a028302ed4184","hash":"7f401afdbfb4ce2319343ac543a17853b1b9e4e7"}
,"D:\\projects\\pp-selector\\src\\selector\\condition\\implementations\\in\\index.ts": {"path":"D:\\projects\\pp-selector\\src\\selector\\condition\\implementations\\in\\index.ts","statementMap":{"0":{"start":{"line":6,"column":19},"end":{"line":8,"column":1}},"1":{"start":{"line":14,"column":40},"end":{"line":26,"column":1}},"2":{"start":{"line":20,"column":14},"end":{"line":23,"column":4}},"3":{"start":{"line":25,"column":2},"end":{"line":25,"column":49}}},"fnMap":{"0":{"name":"(anonymous_0)","decl":{"start":{"line":14,"column":40},"end":{"line":14,"column":41}},"loc":{"start":{"line":19,"column":5},"end":{"line":26,"column":1}},"line":19}},"branchMap":{},"s":{"0":21,"1":21,"2":3,"3":3},"f":{"0":3},"b":{},"_coverageSchema":"43e27e138ebf9cfc5966b082cf9a028302ed4184","hash":"46b9ba2e42278a026934a2a17317aa6352c53d85"}
,"D:\\projects\\pp-selector\\src\\selector\\condition\\implementations\\lt\\index.ts": {"path":"D:\\projects\\pp-selector\\src\\selector\\condition\\implementations\\lt\\index.ts","statementMap":{"0":{"start":{"line":5,"column":40},"end":{"line":14,"column":1}},"1":{"start":{"line":10,"column":5},"end":{"line":14,"column":1}}},"fnMap":{"0":{"name":"(anonymous_0)","decl":{"start":{"line":5,"column":40},"end":{"line":5,"column":41}},"loc":{"start":{"line":10,"column":5},"end":{"line":14,"column":1}},"line":10}},"branchMap":{},"s":{"0":21,"1":3},"f":{"0":3},"b":{},"_coverageSchema":"43e27e138ebf9cfc5966b082cf9a028302ed4184","hash":"041ce55433f6b020176b1303100db17e4d4015bb"}
,"D:\\projects\\pp-selector\\src\\selector\\condition\\implementations\\lte\\index.ts": {"path":"D:\\projects\\pp-selector\\src\\selector\\condition\\implementations\\lte\\index.ts","statementMap":{"0":{"start":{"line":5,"column":41},"end":{"line":13,"column":1}},"1":{"start":{"line":9,"column":5},"end":{"line":13,"column":1}}},"fnMap":{"0":{"name":"(anonymous_0)","decl":{"start":{"line":5,"column":41},"end":{"line":5,"column":42}},"loc":{"start":{"line":9,"column":5},"end":{"line":13,"column":1}},"line":9}},"branchMap":{},"s":{"0":21,"1":8},"f":{"0":8},"b":{},"_coverageSchema":"43e27e138ebf9cfc5966b082cf9a028302ed4184","hash":"89deea8be7272c493f997c4781affc26847a5a56"}
,"D:\\projects\\pp-selector\\src\\selector\\condition\\implementations\\mod\\index.ts": {"path":"D:\\projects\\pp-selector\\src\\selector\\condition\\implementations\\mod\\index.ts","statementMap":{"0":{"start":{"line":7,"column":20},"end":{"line":9,"column":1}},"1":{"start":{"line":11,"column":41},"end":{"line":26,"column":1}},"2":{"start":{"line":17,"column":33},"end":{"line":17,"column":53}},"3":{"start":{"line":19,"column":14},"end":{"line":23,"column":4}},"4":{"start":{"line":25,"column":2},"end":{"line":25,"column":49}}},"fnMap":{"0":{"name":"(anonymous_0)","decl":{"start":{"line":11,"column":41},"end":{"line":11,"column":42}},"loc":{"start":{"line":16,"column":5},"end":{"line":26,"column":1}},"line":16}},"branchMap":{},"s":{"0":21,"1":21,"2":2,"3":2,"4":2},"f":{"0":2},"b":{},"_coverageSchema":"43e27e138ebf9cfc5966b082cf9a028302ed4184","hash":"69262e30b88eba2394da6c5bef1034c2f7db2db8"}
,"D:\\projects\\pp-selector\\src\\selector\\condition\\implementations\\ne\\index.ts": {"path":"D:\\projects\\pp-selector\\src\\selector\\condition\\implementations\\ne\\index.ts","statementMap":{"0":{"start":{"line":5,"column":40},"end":{"line":14,"column":1}},"1":{"start":{"line":10,"column":5},"end":{"line":14,"column":1}}},"fnMap":{"0":{"name":"(anonymous_0)","decl":{"start":{"line":5,"column":40},"end":{"line":5,"column":41}},"loc":{"start":{"line":10,"column":5},"end":{"line":14,"column":1}},"line":10}},"branchMap":{},"s":{"0":21,"1":1},"f":{"0":1},"b":{},"_coverageSchema":"43e27e138ebf9cfc5966b082cf9a028302ed4184","hash":"d7b8597c4d93176eeb2d9cd29f895aad475057a4"}
,"D:\\projects\\pp-selector\\src\\selector\\condition\\implementations\\nin\\index.ts": {"path":"D:\\projects\\pp-selector\\src\\selector\\condition\\implementations\\nin\\index.ts","statementMap":{"0":{"start":{"line":5,"column":41},"end":{"line":13,"column":1}},"1":{"start":{"line":10,"column":5},"end":{"line":13,"column":1}}},"fnMap":{"0":{"name":"(anonymous_0)","decl":{"start":{"line":5,"column":41},"end":{"line":5,"column":42}},"loc":{"start":{"line":10,"column":5},"end":{"line":13,"column":1}},"line":10}},"branchMap":{},"s":{"0":21,"1":1},"f":{"0":1},"b":{},"_coverageSchema":"43e27e138ebf9cfc5966b082cf9a028302ed4184","hash":"adb76393e5713c459c656bd4343231c7694213a9"}
,"D:\\projects\\pp-selector\\src\\selector\\condition\\implementations\\nor\\index.ts": {"path":"D:\\projects\\pp-selector\\src\\selector\\condition\\implementations\\nor\\index.ts","statementMap":{"0":{"start":{"line":6,"column":41},"end":{"line":29,"column":1}},"1":{"start":{"line":12,"column":13},"end":{"line":26,"column":3}},"2":{"start":{"line":16,"column":25},"end":{"line":20,"column":9}},"3":{"start":{"line":22,"column":8},"end":{"line":22,"column":24}},"4":{"start":{"line":28,"column":2},"end":{"line":28,"column":40}}},"fnMap":{"0":{"name":"(anonymous_0)","decl":{"start":{"line":6,"column":41},"end":{"line":6,"column":42}},"loc":{"start":{"line":11,"column":5},"end":{"line":29,"column":1}},"line":11},"1":{"name":"(anonymous_1)","decl":{"start":{"line":15,"column":6},"end":{"line":15,"column":7}},"loc":{"start":{"line":15,"column":23},"end":{"line":23,"column":7}},"line":15}},"branchMap":{},"s":{"0":21,"1":1,"2":2,"3":2,"4":1},"f":{"0":1,"1":2},"b":{},"_coverageSchema":"43e27e138ebf9cfc5966b082cf9a028302ed4184","hash":"094ace0f676c12fce792252f85153e6abe7d53f6"}
,"D:\\projects\\pp-selector\\src\\selector\\condition\\implementations\\not\\index.ts": {"path":"D:\\projects\\pp-selector\\src\\selector\\condition\\implementations\\not\\index.ts","statementMap":{"0":{"start":{"line":5,"column":41},"end":{"line":13,"column":1}},"1":{"start":{"line":10,"column":5},"end":{"line":13,"column":1}}},"fnMap":{"0":{"name":"(anonymous_0)","decl":{"start":{"line":5,"column":41},"end":{"line":5,"column":42}},"loc":{"start":{"line":10,"column":5},"end":{"line":13,"column":1}},"line":10}},"branchMap":{},"s":{"0":21,"1":2},"f":{"0":2},"b":{},"_coverageSchema":"43e27e138ebf9cfc5966b082cf9a028302ed4184","hash":"3ec8557fcbcc7a1eb5023825e43bbb007016c2ad"}
,"D:\\projects\\pp-selector\\src\\selector\\condition\\implementations\\regex\\index.ts": {"path":"D:\\projects\\pp-selector\\src\\selector\\condition\\implementations\\regex\\index.ts","statementMap":{"0":{"start":{"line":7,"column":22},"end":{"line":9,"column":1}},"1":{"start":{"line":11,"column":21},"end":{"line":11,"column":51}},"2":{"start":{"line":13,"column":43},"end":{"line":27,"column":1}},"3":{"start":{"line":19,"column":16},"end":{"line":19,"column":52}},"4":{"start":{"line":21,"column":35},"end":{"line":21,"column":40}},"5":{"start":{"line":23,"column":2},"end":{"line":26,"column":5}}},"fnMap":{"0":{"name":"(anonymous_0)","decl":{"start":{"line":13,"column":43},"end":{"line":13,"column":44}},"loc":{"start":{"line":18,"column":5},"end":{"line":27,"column":1}},"line":18}},"branchMap":{},"s":{"0":21,"1":21,"2":21,"3":1,"4":1,"5":1},"f":{"0":1},"b":{},"_coverageSchema":"43e27e138ebf9cfc5966b082cf9a028302ed4184","hash":"c4c8d64366071b96ac36ec24fc78728c2961d6df"}
,"D:\\projects\\pp-selector\\src\\selector\\condition\\implementations\\size\\index.ts": {"path":"D:\\projects\\pp-selector\\src\\selector\\condition\\implementations\\size\\index.ts","statementMap":{"0":{"start":{"line":7,"column":21},"end":{"line":9,"column":1}},"1":{"start":{"line":11,"column":42},"end":{"line":19,"column":2}},"2":{"start":{"line":16,"column":5},"end":{"line":19,"column":2}}},"fnMap":{"0":{"name":"(anonymous_0)","decl":{"start":{"line":11,"column":42},"end":{"line":11,"column":43}},"loc":{"start":{"line":16,"column":5},"end":{"line":19,"column":2}},"line":16}},"branchMap":{},"s":{"0":21,"1":21,"2":1},"f":{"0":1},"b":{},"_coverageSchema":"43e27e138ebf9cfc5966b082cf9a028302ed4184","hash":"24ba5c547ddce97dfd8dc03cc082fa6b984ecf6d"}
,"D:\\projects\\pp-selector\\src\\selector\\condition\\implementations\\type\\index.ts": {"path":"D:\\projects\\pp-selector\\src\\selector\\condition\\implementations\\type\\index.ts","statementMap":{"0":{"start":{"line":7,"column":21},"end":{"line":9,"column":1}},"1":{"start":{"line":13,"column":42},"end":{"line":23,"column":2}},"2":{"start":{"line":18,"column":5},"end":{"line":23,"column":2}}},"fnMap":{"0":{"name":"(anonymous_0)","decl":{"start":{"line":13,"column":42},"end":{"line":13,"column":43}},"loc":{"start":{"line":18,"column":5},"end":{"line":23,"column":2}},"line":18}},"branchMap":{},"s":{"0":21,"1":21,"2":1},"f":{"0":1},"b":{},"_coverageSchema":"43e27e138ebf9cfc5966b082cf9a028302ed4184","hash":"57fb753912dadea7bde15571a6a2cee6e828d93b"}
}
