TN:
SF:D:\projects\pp-selector\src\index.ts
FN:3,(anonymous_0)
FNF:1
FNH:0
FNDA:0,(anonymous_0)
LF:0
LH:0
BRF:0
BRH:0
end_of_record
TN:
SF:D:\projects\pp-selector\src\@types\global.d.ts
FNF:0
FNH:0
LF:0
LH:0
BRF:0
BRH:0
end_of_record
TN:
SF:D:\projects\pp-selector\src\helpers\create-identifier.ts
FN:4,(anonymous_0)
FNF:1
FNH:1
FNDA:127,(anonymous_0)
DA:4,21
DA:10,127
DA:11,127
DA:13,127
DA:14,82
DA:17,45
LF:6
LH:6
BRDA:7,0,0,82
BRDA:8,1,0,82
BRDA:13,2,0,82
BRDA:13,2,1,45
BRF:4
BRH:4
end_of_record
TN:
SF:D:\projects\pp-selector\src\helpers\create-logic-expression.ts
FN:6,(anonymous_0)
FNF:1
FNH:1
FNDA:161,(anonymous_0)
DA:7,161
DA:9,161
DA:10,12
DA:13,161
LF:4
LH:4
BRF:0
BRH:0
end_of_record
TN:
SF:D:\projects\pp-selector\src\helpers\replace-varnames.ts
FN:8,replaceVarnames
FN:22,(anonymous_1)
FN:28,(anonymous_2)
FNF:3
FNH:3
FNDA:91,replaceVarnames
FNDA:15,(anonymous_1)
FNDA:20,(anonymous_2)
DA:6,21
DA:9,91
DA:10,41
DA:12,41
DA:13,20
DA:16,21
DA:18,21
DA:21,50
DA:22,9
DA:23,15
DA:27,50
DA:28,18
DA:31,20
DA:32,20
DA:38,50
LF:15
LH:15
BRDA:9,0,0,41
BRDA:9,0,1,50
BRDA:12,1,0,20
BRDA:12,1,1,21
BRDA:21,2,0,9
BRDA:21,2,1,41
BRDA:27,3,0,18
BRDA:27,3,1,32
BRDA:31,4,0,20
BRF:9
BRH:9
end_of_record
TN:
SF:D:\projects\pp-selector\src\integration\index.ts
FN:15,(anonymous_0)
FN:19,(anonymous_1)
FNF:2
FNH:2
FNDA:21,(anonymous_0)
FNDA:57,(anonymous_1)
DA:11,21
DA:13,21
DA:16,21
DA:20,57
DA:21,57
DA:25,57
DA:26,57
DA:29,57
DA:42,37
DA:46,37
DA:56,37
DA:57,37
DA:60,37
DA:62,37
DA:67,37
DA:69,36
DA:75,33
DA:76,32
DA:78,1
LF:19
LH:19
BRDA:56,0,0,37
BRDA:75,1,0,32
BRDA:75,1,1,1
BRF:3
BRH:3
end_of_record
TN:
SF:D:\projects\pp-selector\src\integration\move-json-declaration.ts
FN:4,(anonymous_0)
FNF:1
FNH:1
FNDA:37,(anonymous_0)
DA:5,37
DA:7,37
DA:9,29
DA:12,7
DA:14,7
DA:16,7
DA:18,1
LF:7
LH:7
BRDA:7,0,0,29
BRDA:7,0,1,6
BRDA:7,0,2,7
BRDA:7,0,3,1
BRF:4
BRH:4
end_of_record
TN:
SF:D:\projects\pp-selector\src\integration\resolve-identifier.d.ts
FNF:0
FNH:0
LF:0
LH:0
BRF:0
BRH:0
end_of_record
TN:
SF:D:\projects\pp-selector\src\integration\resolve-identifier.ts
FN:6,(anonymous_0)
FN:9,(anonymous_1)
FN:36,(anonymous_2)
FNF:3
FNH:3
FNDA:3,(anonymous_0)
FNDA:32,(anonymous_1)
FNDA:36,(anonymous_2)
DA:5,21
DA:7,3
DA:10,32
DA:11,32
DA:12,32
DA:13,32
DA:20,32
DA:28,32
DA:29,31
DA:32,32
DA:36,21
DA:37,36
DA:38,35
DA:41,1
LF:14
LH:14
BRDA:28,0,0,31
BRDA:28,0,1,1
BRDA:37,1,0,35
BRDA:37,1,1,1
BRF:4
BRH:4
end_of_record
TN:
SF:D:\projects\pp-selector\src\selector\index.d.ts
FNF:0
FNH:0
LF:0
LH:0
BRF:0
BRH:0
end_of_record
TN:
SF:D:\projects\pp-selector\src\selector\index.ts
FN:10,(anonymous_0)
FN:16,(anonymous_1)
FN:32,(anonymous_2)
FNF:3
FNH:3
FNDA:84,(anonymous_0)
FNDA:94,(anonymous_1)
FNDA:7,(anonymous_2)
DA:8,21
DA:10,21
DA:11,84
DA:13,84
DA:14,84
DA:16,84
DA:18,94
DA:20,94
DA:22,94
DA:23,48
DA:25,48
DA:26,7
DA:27,1
DA:30,6
DA:32,7
DA:37,41
DA:38,40
DA:48,1
DA:53,46
DA:55,46
DA:57,30
DA:62,16
DA:76,81
LF:23
LH:23
BRDA:20,0,0,94
BRDA:20,0,1,93
BRDA:22,1,0,48
BRDA:22,1,1,46
BRDA:25,2,0,7
BRDA:25,2,1,41
BRDA:26,3,0,1
BRDA:26,3,1,6
BRDA:37,4,0,40
BRDA:37,4,1,1
BRDA:55,5,0,30
BRDA:55,5,1,16
BRF:12
BRH:12
end_of_record
TN:
SF:D:\projects\pp-selector\src\selector\namespace.d.ts
FNF:0
FNH:0
LF:0
LH:0
BRF:0
BRH:0
end_of_record
TN:
SF:D:\projects\pp-selector\src\selector\namespace.ts
FN:4,(anonymous_0)
FN:6,(anonymous_1)
FN:16,(anonymous_2)
FN:18,(anonymous_3)
FNF:4
FNH:4
FNDA:110,(anonymous_0)
FNDA:156,(anonymous_1)
FNDA:74,(anonymous_2)
FNDA:46,(anonymous_3)
DA:5,110
DA:6,156
DA:11,110
DA:13,110
DA:16,74
DA:19,46
LF:6
LH:6
BRDA:5,0,0,46
BRDA:5,0,1,64
BRF:2
BRH:2
end_of_record
TN:
SF:D:\projects\pp-selector\src\selector\combinator\combinator.d.ts
FNF:0
FNH:0
LF:0
LH:0
BRF:0
BRH:0
end_of_record
TN:
SF:D:\projects\pp-selector\src\selector\combinator\combinator.ts
FN:20,(anonymous_0)
FN:21,(anonymous_1)
FN:27,(anonymous_2)
FN:28,(anonymous_3)
FNF:4
FNH:4
FNDA:84,(anonymous_0)
FNDA:168,(anonymous_1)
FNDA:81,(anonymous_2)
FNDA:81,(anonymous_3)
DA:6,21
DA:11,21
DA:12,21
DA:13,21
DA:14,21
DA:21,84
DA:22,168
DA:28,81
DA:29,81
DA:30,81
DA:32,81
DA:33,79
DA:39,81
LF:13
LH:13
BRDA:29,0,0,81
BRDA:29,0,1,81
BRDA:32,1,0,79
BRDA:32,1,1,2
BRF:4
BRH:4
end_of_record
TN:
SF:D:\projects\pp-selector\src\selector\condition\array-match.ts
FN:16,(anonymous_0)
FNF:1
FNH:1
FNDA:8,(anonymous_0)
DA:12,21
DA:23,8
DA:25,8
DA:31,8
DA:38,8
LF:5
LH:5
BRF:0
BRH:0
end_of_record
TN:
SF:D:\projects\pp-selector\src\selector\condition\index.d.ts
FNF:0
FNH:0
LF:0
LH:0
BRF:0
BRH:0
end_of_record
TN:
SF:D:\projects\pp-selector\src\selector\condition\index.ts
FN:9,(anonymous_0)
FNF:1
FNH:1
FNDA:378,(anonymous_0)
DA:3,21
DA:5,21
DA:7,21
DA:9,21
DA:10,378
DA:11,378
LF:6
LH:6
BRF:0
BRH:0
end_of_record
TN:
SF:D:\projects\pp-selector\src\selector\condition\implementations\all\index.ts
FN:11,(anonymous_0)
FNF:1
FNH:1
FNDA:3,(anonymous_0)
DA:6,21
DA:11,21
DA:17,3
DA:22,3
LF:4
LH:4
BRF:0
BRH:0
end_of_record
TN:
SF:D:\projects\pp-selector\src\selector\condition\implementations\allmatch\index.ts
FN:6,(anonymous_0)
FNF:1
FNH:1
FNDA:3,(anonymous_0)
DA:6,21
DA:7,3
LF:2
LH:2
BRF:0
BRH:0
end_of_record
TN:
SF:D:\projects\pp-selector\src\selector\condition\implementations\elemmatch\index.ts
FN:6,(anonymous_0)
FNF:1
FNH:1
FNDA:5,(anonymous_0)
DA:6,21
DA:7,5
LF:2
LH:2
BRF:0
BRH:0
end_of_record
TN:
SF:D:\projects\pp-selector\src\selector\condition\implementations\eq\index.ts
FN:6,(anonymous_0)
FNF:1
FNH:1
FNDA:16,(anonymous_0)
DA:6,21
DA:11,16
LF:2
LH:2
BRF:0
BRH:0
end_of_record
TN:
SF:D:\projects\pp-selector\src\selector\condition\implementations\exists\index.ts
FN:10,(anonymous_0)
FNF:1
FNH:1
FNDA:1,(anonymous_0)
DA:6,21
DA:10,21
DA:22,1
DA:24,1
LF:4
LH:4
BRF:0
BRH:0
end_of_record
TN:
SF:D:\projects\pp-selector\src\selector\condition\implementations\gt\index.ts
FN:5,(anonymous_0)
FNF:1
FNH:1
FNDA:1,(anonymous_0)
DA:5,21
DA:10,1
LF:2
LH:2
BRF:0
BRH:0
end_of_record
TN:
SF:D:\projects\pp-selector\src\selector\condition\implementations\gte\index.ts
FN:5,(anonymous_0)
FNF:1
FNH:1
FNDA:4,(anonymous_0)
DA:5,21
DA:10,4
LF:2
LH:2
BRF:0
BRH:0
end_of_record
TN:
SF:D:\projects\pp-selector\src\selector\condition\implementations\in\index.ts
FN:14,(anonymous_0)
FNF:1
FNH:1
FNDA:3,(anonymous_0)
DA:6,21
DA:14,21
DA:20,3
DA:25,3
LF:4
LH:4
BRF:0
BRH:0
end_of_record
TN:
SF:D:\projects\pp-selector\src\selector\condition\implementations\lt\index.ts
FN:5,(anonymous_0)
FNF:1
FNH:1
FNDA:3,(anonymous_0)
DA:5,21
DA:10,3
LF:2
LH:2
BRF:0
BRH:0
end_of_record
TN:
SF:D:\projects\pp-selector\src\selector\condition\implementations\lte\index.ts
FN:5,(anonymous_0)
FNF:1
FNH:1
FNDA:8,(anonymous_0)
DA:5,21
DA:9,8
LF:2
LH:2
BRF:0
BRH:0
end_of_record
TN:
SF:D:\projects\pp-selector\src\selector\condition\implementations\mod\index.ts
FN:11,(anonymous_0)
FNF:1
FNH:1
FNDA:2,(anonymous_0)
DA:7,21
DA:11,21
DA:17,2
DA:19,2
DA:25,2
LF:5
LH:5
BRF:0
BRH:0
end_of_record
TN:
SF:D:\projects\pp-selector\src\selector\condition\implementations\ne\index.ts
FN:5,(anonymous_0)
FNF:1
FNH:1
FNDA:1,(anonymous_0)
DA:5,21
DA:10,1
LF:2
LH:2
BRF:0
BRH:0
end_of_record
TN:
SF:D:\projects\pp-selector\src\selector\condition\implementations\nin\index.ts
FN:5,(anonymous_0)
FNF:1
FNH:1
FNDA:1,(anonymous_0)
DA:5,21
DA:10,1
LF:2
LH:2
BRF:0
BRH:0
end_of_record
TN:
SF:D:\projects\pp-selector\src\selector\condition\implementations\nor\index.ts
FN:6,(anonymous_0)
FN:15,(anonymous_1)
FNF:2
FNH:2
FNDA:1,(anonymous_0)
FNDA:2,(anonymous_1)
DA:6,21
DA:12,1
DA:16,2
DA:22,2
DA:28,1
LF:5
LH:5
BRF:0
BRH:0
end_of_record
TN:
SF:D:\projects\pp-selector\src\selector\condition\implementations\not\index.ts
FN:5,(anonymous_0)
FNF:1
FNH:1
FNDA:2,(anonymous_0)
DA:5,21
DA:10,2
LF:2
LH:2
BRF:0
BRH:0
end_of_record
TN:
SF:D:\projects\pp-selector\src\selector\condition\implementations\regex\index.ts
FN:13,(anonymous_0)
FNF:1
FNH:1
FNDA:1,(anonymous_0)
DA:7,21
DA:11,21
DA:13,21
DA:19,1
DA:21,1
DA:23,1
LF:6
LH:6
BRF:0
BRH:0
end_of_record
TN:
SF:D:\projects\pp-selector\src\selector\condition\implementations\size\index.ts
FN:11,(anonymous_0)
FNF:1
FNH:1
FNDA:1,(anonymous_0)
DA:7,21
DA:11,21
DA:16,1
LF:3
LH:3
BRF:0
BRH:0
end_of_record
TN:
SF:D:\projects\pp-selector\src\selector\condition\implementations\type\index.ts
FN:13,(anonymous_0)
FNF:1
FNH:1
FNDA:1,(anonymous_0)
DA:7,21
DA:13,21
DA:18,1
LF:3
LH:3
BRF:0
BRH:0
end_of_record
